# JRE version: OpenJDK Runtime Environment (17.0.9) (build 17.0.9+0--11185874)
# Java VM: OpenJDK 64-Bit Server VM (17.0.9+0--11185874, mixed mode, tiered, compressed oops, compressed class ptrs, g1 gc, windows-amd64)
GC Precious Log:
 CPUs: 8 total, 8 available
 Memory: 16057M
 Large Page Support: Disabled
 NUMA Support: Disabled
 Compressed Oops: Enabled (32-bit)
 Heap Region Size: 1M
 Heap Min Capacity: 8M
 Heap Initial Capacity: 252M
 Heap Max Capacity: 2G
 Pre-touch: Disabled
 Parallel Workers: 8
 Concurrent Workers: 2
 Concurrent Refinement Workers: 8
 Periodic GC: Disabled
Heap:
 garbage-first heap   total 316416K, used 283905K [0x0000000080000000, 0x0000000100000000)
  region size 1024K, 103 young (105472K), 11 survivors (11264K)
 Metaspace       used 137866K, committed 138816K, reserved 1179648K
  class space    used 19276K, committed 19712K, reserved 1048576K
GC Heap History (20 events):
Event: 16.323 GC heap before
{Heap before GC invocations=47 (full 0):
 garbage-first heap   total 244736K, used 200945K [0x0000000080000000, 0x0000000100000000)
  region size 1024K, 65 young (66560K), 10 survivors (10240K)
 Metaspace       used 113645K, committed 114496K, reserved 1179648K
  class space    used 15633K, committed 16000K, reserved 1048576K
}
Event: 16.332 GC heap after
{Heap after GC invocations=48 (full 0):
 garbage-first heap   total 244736K, used 152062K [0x0000000080000000, 0x0000000100000000)
  region size 1024K, 8 young (8192K), 8 survivors (8192K)
 Metaspace       used 113645K, committed 114496K, reserved 1179648K
  class space    used 15633K, committed 16000K, reserved 1048576K
}
Event: 17.083 GC heap before
{Heap before GC invocations=48 (full 0):
 garbage-first heap   total 244736K, used 199166K [0x0000000080000000, 0x0000000100000000)
  region size 1024K, 55 young (56320K), 8 survivors (8192K)
 Metaspace       used 116388K, committed 117248K, reserved 1179648K
  class space    used 15988K, committed 16384K, reserved 1048576K
}
Event: 17.087 GC heap after
{Heap after GC invocations=49 (full 0):
 garbage-first heap   total 244736K, used 150528K [0x0000000080000000, 0x0000000100000000)
  region size 1024K, 3 young (3072K), 3 survivors (3072K)
 Metaspace       used 116388K, committed 117248K, reserved 1179648K
  class space    used 15988K, committed 16384K, reserved 1048576K
}
Event: 17.581 GC heap before
{Heap before GC invocations=49 (full 0):
 garbage-first heap   total 244736K, used 200704K [0x0000000080000000, 0x0000000100000000)
  region size 1024K, 53 young (54272K), 3 survivors (3072K)
 Metaspace       used 122131K, committed 123008K, reserved 1179648K
  class space    used 16855K, committed 17280K, reserved 1048576K
}
Event: 17.584 GC heap after
{Heap after GC invocations=50 (full 0):
 garbage-first heap   total 244736K, used 150411K [0x0000000080000000, 0x0000000100000000)
  region size 1024K, 3 young (3072K), 3 survivors (3072K)
 Metaspace       used 122131K, committed 123008K, reserved 1179648K
  class space    used 16855K, committed 17280K, reserved 1048576K
}
Event: 17.998 GC heap before
{Heap before GC invocations=50 (full 0):
 garbage-first heap   total 244736K, used 202635K [0x0000000080000000, 0x0000000100000000)
  region size 1024K, 55 young (56320K), 3 survivors (3072K)
 Metaspace       used 129274K, committed 130176K, reserved 1179648K
  class space    used 18009K, committed 18432K, reserved 1048576K
}
Event: 18.003 GC heap after
{Heap after GC invocations=51 (full 0):
 garbage-first heap   total 244736K, used 151896K [0x0000000080000000, 0x0000000100000000)
  region size 1024K, 5 young (5120K), 5 survivors (5120K)
 Metaspace       used 129274K, committed 130176K, reserved 1179648K
  class space    used 18009K, committed 18432K, reserved 1048576K
}
Event: 18.301 GC heap before
{Heap before GC invocations=51 (full 0):
 garbage-first heap   total 244736K, used 205144K [0x0000000080000000, 0x0000000100000000)
  region size 1024K, 58 young (59392K), 5 survivors (5120K)
 Metaspace       used 131844K, committed 132736K, reserved 1179648K
  class space    used 18449K, committed 18880K, reserved 1048576K
}
Event: 18.307 GC heap after
{Heap after GC invocations=52 (full 0):
 garbage-first heap   total 244736K, used 152914K [0x0000000080000000, 0x0000000100000000)
  region size 1024K, 5 young (5120K), 5 survivors (5120K)
 Metaspace       used 131844K, committed 132736K, reserved 1179648K
  class space    used 18449K, committed 18880K, reserved 1048576K
}
Event: 18.757 GC heap before
{Heap before GC invocations=52 (full 0):
 garbage-first heap   total 244736K, used 206162K [0x0000000080000000, 0x0000000100000000)
  region size 1024K, 58 young (59392K), 5 survivors (5120K)
 Metaspace       used 134056K, committed 134976K, reserved 1179648K
  class space    used 18825K, committed 19264K, reserved 1048576K
}
Event: 18.762 GC heap after
{Heap after GC invocations=53 (full 0):
 garbage-first heap   total 244736K, used 154952K [0x0000000080000000, 0x0000000100000000)
  region size 1024K, 6 young (6144K), 6 survivors (6144K)
 Metaspace       used 134056K, committed 134976K, reserved 1179648K
  class space    used 18825K, committed 19264K, reserved 1048576K
}
Event: 19.087 GC heap before
{Heap before GC invocations=53 (full 0):
 garbage-first heap   total 244736K, used 198984K [0x0000000080000000, 0x0000000100000000)
  region size 1024K, 35 young (35840K), 6 survivors (6144K)
 Metaspace       used 136193K, committed 137152K, reserved 1179648K
  class space    used 19104K, committed 19520K, reserved 1048576K
}
Event: 19.094 GC heap after
{Heap after GC invocations=54 (full 0):
 garbage-first heap   total 244736K, used 174819K [0x0000000080000000, 0x0000000100000000)
  region size 1024K, 6 young (6144K), 6 survivors (6144K)
 Metaspace       used 136193K, committed 137152K, reserved 1179648K
  class space    used 19104K, committed 19520K, reserved 1048576K
}
Event: 243.421 GC heap before
{Heap before GC invocations=55 (full 0):
 garbage-first heap   total 316416K, used 213731K [0x0000000080000000, 0x0000000100000000)
  region size 1024K, 35 young (35840K), 6 survivors (6144K)
 Metaspace       used 136736K, committed 137600K, reserved 1179648K
  class space    used 19221K, committed 19648K, reserved 1048576K
}
Event: 243.426 GC heap after
{Heap after GC invocations=56 (full 0):
 garbage-first heap   total 316416K, used 158946K [0x0000000080000000, 0x0000000100000000)
  region size 1024K, 2 young (2048K), 2 survivors (2048K)
 Metaspace       used 136736K, committed 137600K, reserved 1179648K
  class space    used 19221K, committed 19648K, reserved 1048576K
}
Event: 243.506 GC heap before
{Heap before GC invocations=56 (full 0):
 garbage-first heap   total 316416K, used 172258K [0x0000000080000000, 0x0000000100000000)
  region size 1024K, 15 young (15360K), 2 survivors (2048K)
 Metaspace       used 136787K, committed 137664K, reserved 1179648K
  class space    used 19224K, committed 19648K, reserved 1048576K
}
Event: 243.511 GC heap after
{Heap after GC invocations=57 (full 0):
 garbage-first heap   total 316416K, used 155438K [0x0000000080000000, 0x0000000100000000)
  region size 1024K, 2 young (2048K), 2 survivors (2048K)
 Metaspace       used 136787K, committed 137664K, reserved 1179648K
  class space    used 19224K, committed 19648K, reserved 1048576K
}
Event: 244.281 GC heap before
{Heap before GC invocations=57 (full 0):
 garbage-first heap   total 316416K, used 257838K [0x0000000080000000, 0x0000000100000000)
  region size 1024K, 103 young (105472K), 2 survivors (2048K)
 Metaspace       used 137405K, committed 138304K, reserved 1179648K
  class space    used 19243K, committed 19648K, reserved 1048576K
}
Event: 244.289 GC heap after
{Heap after GC invocations=58 (full 0):
 garbage-first heap   total 316416K, used 166566K [0x0000000080000000, 0x0000000100000000)
  region size 1024K, 13 young (13312K), 13 survivors (13312K)
 Metaspace       used 137405K, committed 138304K, reserved 1179648K
  class space    used 19243K, committed 19648K, reserved 1048576K
}

