# JRE version: OpenJDK Runtime Environment (17.0.9) (build 17.0.9+0--11185874)
# Java VM: OpenJDK 64-Bit Server VM (17.0.9+0--11185874, mixed mode, tiered, compressed oops, compressed class ptrs, g1 gc, windows-amd64)
GC Precious Log:
 CPUs: 8 total, 8 available
 Memory: 16057M
 Large Page Support: Disabled
 NUMA Support: Disabled
 Compressed Oops: Enabled (32-bit)
 Heap Region Size: 1M
 Heap Min Capacity: 8M
 Heap Initial Capacity: 252M
 Heap Max Capacity: 2G
 Pre-touch: Disabled
 Parallel Workers: 8
 Concurrent Workers: 2
 Concurrent Refinement Workers: 8
 Periodic GC: Disabled
Heap:
 garbage-first heap   total 474112K, used 145652K [0x0000000080000000, 0x0000000100000000)
  region size 1024K, 14 young (14336K), 4 survivors (4096K)
 Metaspace       used 118529K, committed 119424K, reserved 1179648K
  class space    used 17146K, committed 17600K, reserved 1048576K
GC Heap History (20 events):
Event: 7.706 GC heap before
{Heap before GC invocations=35 (full 0):
 garbage-first heap   total 264192K, used 188107K [0x0000000080000000, 0x0000000100000000)
  region size 1024K, 110 young (112640K), 5 survivors (5120K)
 Metaspace       used 85474K, committed 86080K, reserved 1179648K
  class space    used 11818K, committed 12096K, reserved 1048576K
}
Event: 7.713 GC heap after
{Heap after GC invocations=36 (full 0):
 garbage-first heap   total 264192K, used 85461K [0x0000000080000000, 0x0000000100000000)
  region size 1024K, 10 young (10240K), 10 survivors (10240K)
 Metaspace       used 85474K, committed 86080K, reserved 1179648K
  class space    used 11818K, committed 12096K, reserved 1048576K
}
Event: 7.728 GC heap before
{Heap before GC invocations=36 (full 0):
 garbage-first heap   total 264192K, used 86485K [0x0000000080000000, 0x0000000100000000)
  region size 1024K, 12 young (12288K), 10 survivors (10240K)
 Metaspace       used 85560K, committed 86208K, reserved 1179648K
  class space    used 11833K, committed 12160K, reserved 1048576K
}
Event: 7.733 GC heap after
{Heap after GC invocations=37 (full 0):
 garbage-first heap   total 264192K, used 85774K [0x0000000080000000, 0x0000000100000000)
  region size 1024K, 2 young (2048K), 2 survivors (2048K)
 Metaspace       used 85560K, committed 86208K, reserved 1179648K
  class space    used 11833K, committed 12160K, reserved 1048576K
}
Event: 8.776 GC heap before
{Heap before GC invocations=37 (full 0):
 garbage-first heap   total 264192K, used 199438K [0x0000000080000000, 0x0000000100000000)
  region size 1024K, 113 young (115712K), 2 survivors (2048K)
 Metaspace       used 95370K, committed 96128K, reserved 1179648K
  class space    used 13245K, committed 13632K, reserved 1048576K
}
Event: 8.783 GC heap after
{Heap after GC invocations=38 (full 0):
 garbage-first heap   total 264192K, used 90621K [0x0000000080000000, 0x0000000100000000)
  region size 1024K, 7 young (7168K), 7 survivors (7168K)
 Metaspace       used 95370K, committed 96128K, reserved 1179648K
  class space    used 13245K, committed 13632K, reserved 1048576K
}
Event: 9.699 GC heap before
{Heap before GC invocations=38 (full 0):
 garbage-first heap   total 264192K, used 208381K [0x0000000080000000, 0x0000000100000000)
  region size 1024K, 122 young (124928K), 7 survivors (7168K)
 Metaspace       used 99239K, committed 100032K, reserved 1179648K
  class space    used 13904K, committed 14272K, reserved 1048576K
}
Event: 9.711 GC heap after
{Heap after GC invocations=39 (full 0):
 garbage-first heap   total 264192K, used 102085K [0x0000000080000000, 0x0000000100000000)
  region size 1024K, 16 young (16384K), 16 survivors (16384K)
 Metaspace       used 99239K, committed 100032K, reserved 1179648K
  class space    used 13904K, committed 14272K, reserved 1048576K
}
Event: 10.249 GC heap before
{Heap before GC invocations=39 (full 0):
 garbage-first heap   total 264192K, used 208581K [0x0000000080000000, 0x0000000100000000)
  region size 1024K, 121 young (123904K), 16 survivors (16384K)
 Metaspace       used 99966K, committed 100736K, reserved 1179648K
  class space    used 13952K, committed 14336K, reserved 1048576K
}
Event: 10.260 GC heap after
{Heap after GC invocations=40 (full 0):
 garbage-first heap   total 264192K, used 109418K [0x0000000080000000, 0x0000000100000000)
  region size 1024K, 9 young (9216K), 9 survivors (9216K)
 Metaspace       used 99966K, committed 100736K, reserved 1179648K
  class space    used 13952K, committed 14336K, reserved 1048576K
}
Event: 10.727 GC heap before
{Heap before GC invocations=40 (full 0):
 garbage-first heap   total 264192K, used 210794K [0x0000000080000000, 0x0000000100000000)
  region size 1024K, 109 young (111616K), 9 survivors (9216K)
 Metaspace       used 100427K, committed 101184K, reserved 1179648K
  class space    used 14010K, committed 14400K, reserved 1048576K
}
Event: 10.736 GC heap after
{Heap after GC invocations=41 (full 0):
 garbage-first heap   total 264192K, used 115957K [0x0000000080000000, 0x0000000100000000)
  region size 1024K, 9 young (9216K), 9 survivors (9216K)
 Metaspace       used 100427K, committed 101184K, reserved 1179648K
  class space    used 14010K, committed 14400K, reserved 1048576K
}
Event: 11.074 GC heap before
{Heap before GC invocations=41 (full 0):
 garbage-first heap   total 264192K, used 212213K [0x0000000080000000, 0x0000000100000000)
  region size 1024K, 104 young (106496K), 9 survivors (9216K)
 Metaspace       used 100530K, committed 101312K, reserved 1179648K
  class space    used 14017K, committed 14400K, reserved 1048576K
}
Event: 11.082 GC heap after
{Heap after GC invocations=42 (full 0):
 garbage-first heap   total 264192K, used 121129K [0x0000000080000000, 0x0000000100000000)
  region size 1024K, 7 young (7168K), 7 survivors (7168K)
 Metaspace       used 100530K, committed 101312K, reserved 1179648K
  class space    used 14017K, committed 14400K, reserved 1048576K
}
Event: 11.520 GC heap before
{Heap before GC invocations=42 (full 0):
 garbage-first heap   total 264192K, used 220457K [0x0000000080000000, 0x0000000100000000)
  region size 1024K, 100 young (102400K), 7 survivors (7168K)
 Metaspace       used 103732K, committed 104512K, reserved 1179648K
  class space    used 14390K, committed 14784K, reserved 1048576K
}
Event: 11.528 GC heap after
{Heap after GC invocations=43 (full 0):
 garbage-first heap   total 264192K, used 126279K [0x0000000080000000, 0x0000000100000000)
  region size 1024K, 12 young (12288K), 12 survivors (12288K)
 Metaspace       used 103732K, committed 104512K, reserved 1179648K
  class space    used 14390K, committed 14784K, reserved 1048576K
}
Event: 12.090 GC heap before
{Heap before GC invocations=43 (full 0):
 garbage-first heap   total 264192K, used 215367K [0x0000000080000000, 0x0000000100000000)
  region size 1024K, 100 young (102400K), 12 survivors (12288K)
 Metaspace       used 112727K, committed 113536K, reserved 1179648K
  class space    used 16070K, committed 16448K, reserved 1048576K
}
Event: 12.101 GC heap after
{Heap after GC invocations=44 (full 0):
 garbage-first heap   total 264192K, used 136078K [0x0000000080000000, 0x0000000100000000)
  region size 1024K, 10 young (10240K), 10 survivors (10240K)
 Metaspace       used 112727K, committed 113536K, reserved 1179648K
  class space    used 16070K, committed 16448K, reserved 1048576K
}
Event: 12.711 GC heap before
{Heap before GC invocations=44 (full 0):
 garbage-first heap   total 264192K, used 215950K [0x0000000080000000, 0x0000000100000000)
  region size 1024K, 87 young (89088K), 10 survivors (10240K)
 Metaspace       used 117586K, committed 118400K, reserved 1179648K
  class space    used 17053K, committed 17472K, reserved 1048576K
}
Event: 12.719 GC heap after
{Heap after GC invocations=45 (full 0):
 garbage-first heap   total 474112K, used 136436K [0x0000000080000000, 0x0000000100000000)
  region size 1024K, 4 young (4096K), 4 survivors (4096K)
 Metaspace       used 117586K, committed 118400K, reserved 1179648K
  class space    used 17053K, committed 17472K, reserved 1048576K
}

