# JRE version: OpenJDK Runtime Environment (17.0.9) (build 17.0.9+0--11185874)
# Java VM: OpenJDK 64-Bit Server VM (17.0.9+0--11185874, mixed mode, tiered, compressed oops, compressed class ptrs, g1 gc, windows-amd64)
GC Precious Log:
 CPUs: 8 total, 8 available
 Memory: 16057M
 Large Page Support: Disabled
 NUMA Support: Disabled
 Compressed Oops: Enabled (32-bit)
 Heap Region Size: 1M
 Heap Min Capacity: 8M
 Heap Initial Capacity: 252M
 Heap Max Capacity: 2G
 Pre-touch: Disabled
 Parallel Workers: 8
 Concurrent Workers: 2
 Concurrent Refinement Workers: 8
 Periodic GC: Disabled
Heap:
 garbage-first heap   total 322560K, used 142651K [0x0000000080000000, 0x0000000100000000)
  region size 1024K, 2 young (2048K), 2 survivors (2048K)
 Metaspace       used 131574K, committed 132608K, reserved 1179648K
  class space    used 18056K, committed 18560K, reserved 1048576K
GC Heap History (20 events):
Event: 5801.853 GC heap after
{Heap after GC invocations=59 (full 1):
 garbage-first heap   total 273408K, used 150831K [0x0000000080000000, 0x0000000100000000)
  region size 1024K, 4 young (4096K), 4 survivors (4096K)
 Metaspace       used 129908K, committed 131072K, reserved 1179648K
  class space    used 17989K, committed 18560K, reserved 1048576K
}
Event: 5801.865 GC heap before
{Heap before GC invocations=59 (full 1):
 garbage-first heap   total 273408K, used 160047K [0x0000000080000000, 0x0000000100000000)
  region size 1024K, 13 young (13312K), 4 survivors (4096K)
 Metaspace       used 129908K, committed 131072K, reserved 1179648K
  class space    used 17990K, committed 18560K, reserved 1048576K
}
Event: 5801.869 GC heap after
{Heap after GC invocations=60 (full 1):
 garbage-first heap   total 273408K, used 147317K [0x0000000080000000, 0x0000000100000000)
  region size 1024K, 1 young (1024K), 1 survivors (1024K)
 Metaspace       used 129908K, committed 131072K, reserved 1179648K
  class space    used 17990K, committed 18560K, reserved 1048576K
}
Event: 5802.187 GC heap before
{Heap before GC invocations=60 (full 1):
 garbage-first heap   total 273408K, used 225141K [0x0000000080000000, 0x0000000100000000)
  region size 1024K, 77 young (78848K), 1 survivors (1024K)
 Metaspace       used 130498K, committed 131520K, reserved 1179648K
  class space    used 18028K, committed 18560K, reserved 1048576K
}
Event: 5802.190 GC heap after
{Heap after GC invocations=61 (full 1):
 garbage-first heap   total 273408K, used 149743K [0x0000000080000000, 0x0000000100000000)
  region size 1024K, 4 young (4096K), 4 survivors (4096K)
 Metaspace       used 130498K, committed 131520K, reserved 1179648K
  class space    used 18028K, committed 18560K, reserved 1048576K
}
Event: 5802.623 GC heap before
{Heap before GC invocations=62 (full 1):
 garbage-first heap   total 288768K, used 223471K [0x0000000080000000, 0x0000000100000000)
  region size 1024K, 78 young (79872K), 4 survivors (4096K)
 Metaspace       used 130942K, committed 131968K, reserved 1179648K
  class space    used 18040K, committed 18560K, reserved 1048576K
}
Event: 5802.626 GC heap after
{Heap after GC invocations=63 (full 1):
 garbage-first heap   total 288768K, used 147565K [0x0000000080000000, 0x0000000100000000)
  region size 1024K, 2 young (2048K), 2 survivors (2048K)
 Metaspace       used 130942K, committed 131968K, reserved 1179648K
  class space    used 18040K, committed 18560K, reserved 1048576K
}
Event: 5802.689 GC heap before
{Heap before GC invocations=63 (full 1):
 garbage-first heap   total 288768K, used 158829K [0x0000000080000000, 0x0000000100000000)
  region size 1024K, 14 young (14336K), 2 survivors (2048K)
 Metaspace       used 131077K, committed 132096K, reserved 1179648K
  class space    used 18040K, committed 18560K, reserved 1048576K
}
Event: 5802.692 GC heap after
{Heap after GC invocations=64 (full 1):
 garbage-first heap   total 288768K, used 140834K [0x0000000080000000, 0x0000000100000000)
  region size 1024K, 2 young (2048K), 2 survivors (2048K)
 Metaspace       used 131077K, committed 132096K, reserved 1179648K
  class space    used 18040K, committed 18560K, reserved 1048576K
}
Event: 5802.748 GC heap before
{Heap before GC invocations=64 (full 1):
 garbage-first heap   total 288768K, used 144930K [0x0000000080000000, 0x0000000100000000)
  region size 1024K, 8 young (8192K), 2 survivors (2048K)
 Metaspace       used 131092K, committed 132096K, reserved 1179648K
  class space    used 18040K, committed 18560K, reserved 1048576K
}
Event: 5802.750 GC heap after
{Heap after GC invocations=65 (full 1):
 garbage-first heap   total 288768K, used 139551K [0x0000000080000000, 0x0000000100000000)
  region size 1024K, 1 young (1024K), 1 survivors (1024K)
 Metaspace       used 131092K, committed 132096K, reserved 1179648K
  class space    used 18040K, committed 18560K, reserved 1048576K
}
Event: 6469.338 GC heap before
{Heap before GC invocations=66 (full 1):
 garbage-first heap   total 293888K, used 260383K [0x0000000080000000, 0x0000000100000000)
  region size 1024K, 96 young (98304K), 1 survivors (1024K)
 Metaspace       used 131388K, committed 132352K, reserved 1179648K
  class space    used 18052K, committed 18560K, reserved 1048576K
}
Event: 6469.348 GC heap after
{Heap after GC invocations=67 (full 1):
 garbage-first heap   total 293888K, used 148475K [0x0000000080000000, 0x0000000100000000)
  region size 1024K, 10 young (10240K), 10 survivors (10240K)
 Metaspace       used 131388K, committed 132352K, reserved 1179648K
  class space    used 18052K, committed 18560K, reserved 1048576K
}
Event: 6469.367 GC heap before
{Heap before GC invocations=67 (full 1):
 garbage-first heap   total 293888K, used 152571K [0x0000000080000000, 0x0000000100000000)
  region size 1024K, 14 young (14336K), 10 survivors (10240K)
 Metaspace       used 131389K, committed 132352K, reserved 1179648K
  class space    used 18052K, committed 18560K, reserved 1048576K
}
Event: 6469.375 GC heap after
{Heap after GC invocations=68 (full 1):
 garbage-first heap   total 293888K, used 146278K [0x0000000080000000, 0x0000000100000000)
  region size 1024K, 2 young (2048K), 2 survivors (2048K)
 Metaspace       used 131389K, committed 132352K, reserved 1179648K
  class space    used 18052K, committed 18560K, reserved 1048576K
}
Event: 6471.195 GC heap before
{Heap before GC invocations=68 (full 1):
 garbage-first heap   total 293888K, used 237414K [0x0000000080000000, 0x0000000100000000)
  region size 1024K, 92 young (94208K), 2 survivors (2048K)
 Metaspace       used 131574K, committed 132608K, reserved 1179648K
  class space    used 18056K, committed 18560K, reserved 1048576K
}
Event: 6471.201 GC heap after
{Heap after GC invocations=69 (full 1):
 garbage-first heap   total 293888K, used 153087K [0x0000000080000000, 0x0000000100000000)
  region size 1024K, 8 young (8192K), 8 survivors (8192K)
 Metaspace       used 131574K, committed 132608K, reserved 1179648K
  class space    used 18056K, committed 18560K, reserved 1048576K
}
Event: 6471.498 GC heap before
{Heap before GC invocations=70 (full 1):
 garbage-first heap   total 302080K, used 236031K [0x0000000080000000, 0x0000000100000000)
  region size 1024K, 93 young (95232K), 8 survivors (8192K)
 Metaspace       used 131574K, committed 132608K, reserved 1179648K
  class space    used 18056K, committed 18560K, reserved 1048576K
}
Event: 6471.503 GC heap after
{Heap after GC invocations=71 (full 1):
 garbage-first heap   total 302080K, used 151380K [0x0000000080000000, 0x0000000100000000)
  region size 1024K, 3 young (3072K), 3 survivors (3072K)
 Metaspace       used 131574K, committed 132608K, reserved 1179648K
  class space    used 18056K, committed 18560K, reserved 1048576K
}
Event: 6471.520 GC heap before
{Heap before GC invocations=71 (full 1):
 garbage-first heap   total 302080K, used 161620K [0x0000000080000000, 0x0000000100000000)
  region size 1024K, 14 young (14336K), 3 survivors (3072K)
 Metaspace       used 131574K, committed 132608K, reserved 1179648K
  class space    used 18056K, committed 18560K, reserved 1048576K
}

