# JRE version: OpenJDK Runtime Environment (17.0.9) (build 17.0.9+0--11185874)
# Java VM: OpenJDK 64-Bit Server VM (17.0.9+0--11185874, mixed mode, tiered, compressed oops, compressed class ptrs, g1 gc, windows-amd64)
GC Precious Log:
 CPUs: 8 total, 8 available
 Memory: 16057M
 Large Page Support: Disabled
 NUMA Support: Disabled
 Compressed Oops: Enabled (32-bit)
 Heap Region Size: 1M
 Heap Min Capacity: 8M
 Heap Initial Capacity: 252M
 Heap Max Capacity: 2G
 Pre-touch: Disabled
 Parallel Workers: 8
 Concurrent Workers: 2
 Concurrent Refinement Workers: 8
 Periodic GC: Disabled
Heap:
 garbage-first heap   total 260096K, used 151605K [0x0000000080000000, 0x0000000100000000)
  region size 1024K, 5 young (5120K), 5 survivors (5120K)
 Metaspace       used 108258K, committed 108992K, reserved 1179648K
  class space    used 14847K, committed 15232K, reserved 1048576K
GC Heap History (20 events):
Event: 6.024 GC heap after
{Heap after GC invocations=22 (full 0):
 garbage-first heap   total 250880K, used 62614K [0x0000000080000000, 0x0000000100000000)
  region size 1024K, 1 young (1024K), 1 survivors (1024K)
 Metaspace       used 61339K, committed 61888K, reserved 1114112K
  class space    used 8359K, committed 8576K, reserved 1048576K
}
Event: 7.101 GC heap before
{Heap before GC invocations=22 (full 0):
 garbage-first heap   total 250880K, used 174230K [0x0000000080000000, 0x0000000100000000)
  region size 1024K, 105 young (107520K), 1 survivors (1024K)
 Metaspace       used 71089K, committed 71680K, reserved 1114112K
  class space    used 9636K, committed 9920K, reserved 1048576K
}
Event: 7.105 GC heap after
{Heap after GC invocations=23 (full 0):
 garbage-first heap   total 250880K, used 69601K [0x0000000080000000, 0x0000000100000000)
  region size 1024K, 7 young (7168K), 7 survivors (7168K)
 Metaspace       used 71089K, committed 71680K, reserved 1114112K
  class space    used 9636K, committed 9920K, reserved 1048576K
}
Event: 8.287 GC heap before
{Heap before GC invocations=23 (full 0):
 garbage-first heap   total 250880K, used 191457K [0x0000000080000000, 0x0000000100000000)
  region size 1024K, 122 young (124928K), 7 survivors (7168K)
 Metaspace       used 79294K, committed 79936K, reserved 1179648K
  class space    used 10729K, committed 11008K, reserved 1048576K
}
Event: 8.293 GC heap after
{Heap after GC invocations=24 (full 0):
 garbage-first heap   total 250880K, used 83018K [0x0000000080000000, 0x0000000100000000)
  region size 1024K, 16 young (16384K), 16 survivors (16384K)
 Metaspace       used 79294K, committed 79936K, reserved 1179648K
  class space    used 10729K, committed 11008K, reserved 1048576K
}
Event: 9.433 GC heap before
{Heap before GC invocations=24 (full 0):
 garbage-first heap   total 250880K, used 192586K [0x0000000080000000, 0x0000000100000000)
  region size 1024K, 122 young (124928K), 16 survivors (16384K)
 Metaspace       used 87437K, committed 88064K, reserved 1179648K
  class space    used 12095K, committed 12416K, reserved 1048576K
}
Event: 9.442 GC heap after
{Heap after GC invocations=25 (full 0):
 garbage-first heap   total 250880K, used 88552K [0x0000000080000000, 0x0000000100000000)
  region size 1024K, 6 young (6144K), 6 survivors (6144K)
 Metaspace       used 87437K, committed 88064K, reserved 1179648K
  class space    used 12095K, committed 12416K, reserved 1048576K
}
Event: 10.553 GC heap before
{Heap before GC invocations=25 (full 0):
 garbage-first heap   total 250880K, used 197096K [0x0000000080000000, 0x0000000100000000)
  region size 1024K, 112 young (114688K), 6 survivors (6144K)
 Metaspace       used 96369K, committed 97088K, reserved 1179648K
  class space    used 13369K, committed 13760K, reserved 1048576K
}
Event: 10.561 GC heap after
{Heap after GC invocations=26 (full 0):
 garbage-first heap   total 250880K, used 94273K [0x0000000080000000, 0x0000000100000000)
  region size 1024K, 12 young (12288K), 12 survivors (12288K)
 Metaspace       used 96369K, committed 97088K, reserved 1179648K
  class space    used 13369K, committed 13760K, reserved 1048576K
}
Event: 11.371 GC heap before
{Heap before GC invocations=26 (full 0):
 garbage-first heap   total 250880K, used 168001K [0x0000000080000000, 0x0000000100000000)
  region size 1024K, 85 young (87040K), 12 survivors (12288K)
 Metaspace       used 99245K, committed 99968K, reserved 1179648K
  class space    used 13899K, committed 14272K, reserved 1048576K
}
Event: 11.384 GC heap after
{Heap after GC invocations=27 (full 0):
 garbage-first heap   total 250880K, used 103507K [0x0000000080000000, 0x0000000100000000)
  region size 1024K, 15 young (15360K), 15 survivors (15360K)
 Metaspace       used 99245K, committed 99968K, reserved 1179648K
  class space    used 13899K, committed 14272K, reserved 1048576K
}
Event: 12.144 GC heap before
{Heap before GC invocations=28 (full 0):
 garbage-first heap   total 250880K, used 206931K [0x0000000080000000, 0x0000000100000000)
  region size 1024K, 108 young (110592K), 15 survivors (15360K)
 Metaspace       used 101779K, committed 102528K, reserved 1179648K
  class space    used 14107K, committed 14464K, reserved 1048576K
}
Event: 12.160 GC heap after
{Heap after GC invocations=29 (full 0):
 garbage-first heap   total 250880K, used 117722K [0x0000000080000000, 0x0000000100000000)
  region size 1024K, 14 young (14336K), 14 survivors (14336K)
 Metaspace       used 101779K, committed 102528K, reserved 1179648K
  class space    used 14107K, committed 14464K, reserved 1048576K
}
Event: 12.176 GC heap before
{Heap before GC invocations=29 (full 0):
 garbage-first heap   total 250880K, used 118746K [0x0000000080000000, 0x0000000100000000)
  region size 1024K, 15 young (15360K), 14 survivors (14336K)
 Metaspace       used 101932K, committed 102656K, reserved 1179648K
  class space    used 14133K, committed 14464K, reserved 1048576K
}
Event: 12.183 GC heap after
{Heap after GC invocations=30 (full 0):
 garbage-first heap   total 250880K, used 119387K [0x0000000080000000, 0x0000000100000000)
  region size 1024K, 2 young (2048K), 2 survivors (2048K)
 Metaspace       used 101932K, committed 102656K, reserved 1179648K
  class space    used 14133K, committed 14464K, reserved 1048576K
}
Event: 12.858 GC heap before
{Heap before GC invocations=30 (full 0):
 garbage-first heap   total 250880K, used 193115K [0x0000000080000000, 0x0000000100000000)
  region size 1024K, 74 young (75776K), 2 survivors (2048K)
 Metaspace       used 105528K, committed 106240K, reserved 1179648K
  class space    used 14540K, committed 14912K, reserved 1048576K
}
Event: 12.870 GC heap after
{Heap after GC invocations=31 (full 0):
 garbage-first heap   total 250880K, used 146150K [0x0000000080000000, 0x0000000100000000)
  region size 1024K, 10 young (10240K), 10 survivors (10240K)
 Metaspace       used 105528K, committed 106240K, reserved 1179648K
  class space    used 14540K, committed 14912K, reserved 1048576K
}
Event: 12.951 GC heap before
{Heap before GC invocations=31 (full 0):
 garbage-first heap   total 250880K, used 172774K [0x0000000080000000, 0x0000000100000000)
  region size 1024K, 14 young (14336K), 10 survivors (10240K)
 Metaspace       used 105567K, committed 106368K, reserved 1179648K
  class space    used 14545K, committed 14976K, reserved 1048576K
}
Event: 12.958 GC heap after
{Heap after GC invocations=32 (full 0):
 garbage-first heap   total 250880K, used 155050K [0x0000000080000000, 0x0000000100000000)
  region size 1024K, 2 young (2048K), 2 survivors (2048K)
 Metaspace       used 105567K, committed 106368K, reserved 1179648K
  class space    used 14545K, committed 14976K, reserved 1048576K
}
Event: 13.284 GC heap before
{Heap before GC invocations=32 (full 0):
 garbage-first heap   total 250880K, used 206250K [0x0000000080000000, 0x0000000100000000)
  region size 1024K, 47 young (48128K), 2 survivors (2048K)
 Metaspace       used 108258K, committed 108992K, reserved 1179648K
  class space    used 14847K, committed 15232K, reserved 1048576K
}

