# JRE version: OpenJDK Runtime Environment (17.0.9) (build 17.0.9+0--11185874)
# Java VM: OpenJDK 64-Bit Server VM (17.0.9+0--11185874, mixed mode, tiered, compressed oops, compressed class ptrs, g1 gc, windows-amd64)
GC Precious Log:
 CPUs: 8 total, 8 available
 Memory: 16057M
 Large Page Support: Disabled
 NUMA Support: Disabled
 Compressed Oops: Enabled (32-bit)
 Heap Region Size: 1M
 Heap Min Capacity: 8M
 Heap Initial Capacity: 252M
 Heap Max Capacity: 2G
 Pre-touch: Disabled
 Parallel Workers: 8
 Concurrent Workers: 2
 Concurrent Refinement Workers: 8
 Periodic GC: Disabled
Heap:
 garbage-first heap   total 272384K, used 168650K [0x0000000080000000, 0x0000000100000000)
  region size 1024K, 3 young (3072K), 3 survivors (3072K)
 Metaspace       used 124898K, committed 125824K, reserved 1179648K
  class space    used 17838K, committed 18304K, reserved 1048576K
GC Heap History (20 events):
Event: 12.690 GC heap after
{Heap after GC invocations=39 (full 0):
 garbage-first heap   total 226304K, used 124949K [0x0000000080000000, 0x0000000100000000)
  region size 1024K, 6 young (6144K), 6 survivors (6144K)
 Metaspace       used 103722K, committed 104448K, reserved 1179648K
  class space    used 14422K, committed 14784K, reserved 1048576K
}
Event: 13.018 GC heap before
{Heap before GC invocations=39 (full 0):
 garbage-first heap   total 226304K, used 184341K [0x0000000080000000, 0x0000000100000000)
  region size 1024K, 65 young (66560K), 6 survivors (6144K)
 Metaspace       used 104613K, committed 105472K, reserved 1179648K
  class space    used 14553K, committed 14976K, reserved 1048576K
}
Event: 13.025 GC heap after
{Heap after GC invocations=40 (full 0):
 garbage-first heap   total 226304K, used 129668K [0x0000000080000000, 0x0000000100000000)
  region size 1024K, 6 young (6144K), 6 survivors (6144K)
 Metaspace       used 104613K, committed 105472K, reserved 1179648K
  class space    used 14553K, committed 14976K, reserved 1048576K
}
Event: 13.717 GC heap before
{Heap before GC invocations=40 (full 0):
 garbage-first heap   total 226304K, used 184964K [0x0000000080000000, 0x0000000100000000)
  region size 1024K, 61 young (62464K), 6 survivors (6144K)
 Metaspace       used 104652K, committed 105472K, reserved 1179648K
  class space    used 14554K, committed 14976K, reserved 1048576K
}
Event: 13.723 GC heap after
{Heap after GC invocations=41 (full 0):
 garbage-first heap   total 226304K, used 132376K [0x0000000080000000, 0x0000000100000000)
  region size 1024K, 5 young (5120K), 5 survivors (5120K)
 Metaspace       used 104652K, committed 105472K, reserved 1179648K
  class space    used 14554K, committed 14976K, reserved 1048576K
}
Event: 15.193 GC heap before
{Heap before GC invocations=41 (full 0):
 garbage-first heap   total 226304K, used 191768K [0x0000000080000000, 0x0000000100000000)
  region size 1024K, 59 young (60416K), 5 survivors (5120K)
 Metaspace       used 106257K, committed 107136K, reserved 1179648K
  class space    used 14701K, committed 15168K, reserved 1048576K
}
Event: 15.199 GC heap after
{Heap after GC invocations=42 (full 0):
 garbage-first heap   total 226304K, used 139634K [0x0000000080000000, 0x0000000100000000)
  region size 1024K, 8 young (8192K), 8 survivors (8192K)
 Metaspace       used 106257K, committed 107136K, reserved 1179648K
  class space    used 14701K, committed 15168K, reserved 1048576K
}
Event: 15.632 GC heap before
{Heap before GC invocations=42 (full 0):
 garbage-first heap   total 226304K, used 190834K [0x0000000080000000, 0x0000000100000000)
  region size 1024K, 55 young (56320K), 8 survivors (8192K)
 Metaspace       used 107995K, committed 108864K, reserved 1179648K
  class space    used 14959K, committed 15424K, reserved 1048576K
}
Event: 15.639 GC heap after
{Heap after GC invocations=43 (full 0):
 garbage-first heap   total 226304K, used 145479K [0x0000000080000000, 0x0000000100000000)
  region size 1024K, 7 young (7168K), 7 survivors (7168K)
 Metaspace       used 107995K, committed 108864K, reserved 1179648K
  class space    used 14959K, committed 15424K, reserved 1048576K
}
Event: 16.012 GC heap before
{Heap before GC invocations=43 (full 0):
 garbage-first heap   total 226304K, used 186439K [0x0000000080000000, 0x0000000100000000)
  region size 1024K, 48 young (49152K), 7 survivors (7168K)
 Metaspace       used 111972K, committed 112832K, reserved 1179648K
  class space    used 15583K, committed 16000K, reserved 1048576K
}
Event: 16.018 GC heap after
{Heap after GC invocations=44 (full 0):
 garbage-first heap   total 272384K, used 150450K [0x0000000080000000, 0x0000000100000000)
  region size 1024K, 5 young (5120K), 5 survivors (5120K)
 Metaspace       used 111972K, committed 112832K, reserved 1179648K
  class space    used 15583K, committed 16000K, reserved 1048576K
}
Event: 16.421 GC heap before
{Heap before GC invocations=44 (full 0):
 garbage-first heap   total 272384K, used 220082K [0x0000000080000000, 0x0000000100000000)
  region size 1024K, 74 young (75776K), 5 survivors (5120K)
 Metaspace       used 116221K, committed 117120K, reserved 1179648K
  class space    used 16263K, committed 16704K, reserved 1048576K
}
Event: 16.431 GC heap after
{Heap after GC invocations=45 (full 0):
 garbage-first heap   total 272384K, used 163166K [0x0000000080000000, 0x0000000100000000)
  region size 1024K, 10 young (10240K), 10 survivors (10240K)
 Metaspace       used 116221K, committed 117120K, reserved 1179648K
  class space    used 16263K, committed 16704K, reserved 1048576K
}
Event: 16.833 GC heap before
{Heap before GC invocations=45 (full 0):
 garbage-first heap   total 272384K, used 220510K [0x0000000080000000, 0x0000000100000000)
  region size 1024K, 67 young (68608K), 10 survivors (10240K)
 Metaspace       used 122175K, committed 123136K, reserved 1179648K
  class space    used 17453K, committed 17920K, reserved 1048576K
}
Event: 16.842 GC heap after
{Heap after GC invocations=46 (full 0):
 garbage-first heap   total 272384K, used 167485K [0x0000000080000000, 0x0000000100000000)
  region size 1024K, 4 young (4096K), 4 survivors (4096K)
 Metaspace       used 122175K, committed 123136K, reserved 1179648K
  class space    used 17453K, committed 17920K, reserved 1048576K
}
Event: 17.081 GC heap before
{Heap before GC invocations=46 (full 0):
 garbage-first heap   total 272384K, used 224829K [0x0000000080000000, 0x0000000100000000)
  region size 1024K, 60 young (61440K), 4 survivors (4096K)
 Metaspace       used 123563K, committed 124480K, reserved 1179648K
  class space    used 17670K, committed 18112K, reserved 1048576K
}
Event: 17.088 GC heap after
{Heap after GC invocations=47 (full 0):
 garbage-first heap   total 272384K, used 169732K [0x0000000080000000, 0x0000000100000000)
  region size 1024K, 6 young (6144K), 6 survivors (6144K)
 Metaspace       used 123563K, committed 124480K, reserved 1179648K
  class space    used 17670K, committed 18112K, reserved 1048576K
}
Event: 17.272 GC heap before
{Heap before GC invocations=47 (full 0):
 garbage-first heap   total 272384K, used 227076K [0x0000000080000000, 0x0000000100000000)
  region size 1024K, 62 young (63488K), 6 survivors (6144K)
 Metaspace       used 124168K, committed 125120K, reserved 1179648K
  class space    used 17730K, committed 18176K, reserved 1048576K
}
Event: 17.277 GC heap after
{Heap after GC invocations=48 (full 0):
 garbage-first heap   total 272384K, used 169987K [0x0000000080000000, 0x0000000100000000)
  region size 1024K, 4 young (4096K), 4 survivors (4096K)
 Metaspace       used 124168K, committed 125120K, reserved 1179648K
  class space    used 17730K, committed 18176K, reserved 1048576K
}
Event: 17.519 GC heap before
{Heap before GC invocations=48 (full 0):
 garbage-first heap   total 272384K, used 227331K [0x0000000080000000, 0x0000000100000000)
  region size 1024K, 61 young (62464K), 4 survivors (4096K)
 Metaspace       used 124898K, committed 125824K, reserved 1179648K
  class space    used 17838K, committed 18304K, reserved 1048576K
}

