# JRE version: OpenJDK Runtime Environment (17.0.9) (build 17.0.9+0--11185874)
# Java VM: OpenJDK 64-Bit Server VM (17.0.9+0--11185874, mixed mode, tiered, compressed oops, compressed class ptrs, g1 gc, windows-amd64)
GC Precious Log:
 CPUs: 8 total, 8 available
 Memory: 16057M
 Large Page Support: Disabled
 NUMA Support: Disabled
 Compressed Oops: Enabled (32-bit)
 Heap Region Size: 1M
 Heap Min Capacity: 8M
 Heap Initial Capacity: 252M
 Heap Max Capacity: 2G
 Pre-touch: Disabled
 Parallel Workers: 8
 Concurrent Workers: 2
 Concurrent Refinement Workers: 8
 Periodic GC: Disabled
Heap:
 garbage-first heap   total 285696K, used 131052K [0x0000000080000000, 0x0000000100000000)
  region size 1024K, 5 young (5120K), 5 survivors (5120K)
 Metaspace       used 121427K, committed 122304K, reserved 1179648K
  class space    used 17124K, committed 17600K, reserved 1048576K
GC Heap History (20 events):
Event: 8.170 GC heap after
{Heap after GC invocations=37 (full 0):
 garbage-first heap   total 285696K, used 82786K [0x0000000080000000, 0x0000000100000000)
  region size 1024K, 1 young (1024K), 1 survivors (1024K)
 Metaspace       used 81576K, committed 82176K, reserved 1179648K
  class space    used 11097K, committed 11392K, reserved 1048576K
}
Event: 9.466 GC heap before
{Heap before GC invocations=37 (full 0):
 garbage-first heap   total 285696K, used 207714K [0x0000000080000000, 0x0000000100000000)
  region size 1024K, 123 young (125952K), 1 survivors (1024K)
 Metaspace       used 91516K, committed 92160K, reserved 1179648K
  class space    used 12699K, committed 12992K, reserved 1048576K
}
Event: 9.474 GC heap after
{Heap after GC invocations=38 (full 0):
 garbage-first heap   total 285696K, used 88574K [0x0000000080000000, 0x0000000100000000)
  region size 1024K, 6 young (6144K), 6 survivors (6144K)
 Metaspace       used 91516K, committed 92160K, reserved 1179648K
  class space    used 12699K, committed 12992K, reserved 1048576K
}
Event: 10.770 GC heap before
{Heap before GC invocations=39 (full 0):
 garbage-first heap   total 285696K, used 227838K [0x0000000080000000, 0x0000000100000000)
  region size 1024K, 142 young (145408K), 6 survivors (6144K)
 Metaspace       used 99195K, committed 99840K, reserved 1179648K
  class space    used 13898K, committed 14208K, reserved 1048576K
}
Event: 10.781 GC heap after
{Heap after GC invocations=40 (full 0):
 garbage-first heap   total 285696K, used 101076K [0x0000000080000000, 0x0000000100000000)
  region size 1024K, 18 young (18432K), 18 survivors (18432K)
 Metaspace       used 99195K, committed 99840K, reserved 1179648K
  class space    used 13898K, committed 14208K, reserved 1048576K
}
Event: 10.787 GC heap before
{Heap before GC invocations=40 (full 0):
 garbage-first heap   total 285696K, used 102100K [0x0000000080000000, 0x0000000100000000)
  region size 1024K, 19 young (19456K), 18 survivors (18432K)
 Metaspace       used 99202K, committed 99904K, reserved 1179648K
  class space    used 13898K, committed 14208K, reserved 1048576K
}
Event: 10.797 GC heap after
{Heap after GC invocations=41 (full 0):
 garbage-first heap   total 285696K, used 103247K [0x0000000080000000, 0x0000000100000000)
  region size 1024K, 3 young (3072K), 3 survivors (3072K)
 Metaspace       used 99202K, committed 99904K, reserved 1179648K
  class space    used 13898K, committed 14208K, reserved 1048576K
}
Event: 11.474 GC heap before
{Heap before GC invocations=41 (full 0):
 garbage-first heap   total 285696K, used 224079K [0x0000000080000000, 0x0000000100000000)
  region size 1024K, 122 young (124928K), 3 survivors (3072K)
 Metaspace       used 100014K, committed 100736K, reserved 1179648K
  class space    used 13946K, committed 14272K, reserved 1048576K
}
Event: 11.480 GC heap after
{Heap after GC invocations=42 (full 0):
 garbage-first heap   total 285696K, used 110070K [0x0000000080000000, 0x0000000100000000)
  region size 1024K, 10 young (10240K), 10 survivors (10240K)
 Metaspace       used 100014K, committed 100736K, reserved 1179648K
  class space    used 13946K, committed 14272K, reserved 1048576K
}
Event: 12.253 GC heap before
{Heap before GC invocations=43 (full 0):
 garbage-first heap   total 285696K, used 225782K [0x0000000080000000, 0x0000000100000000)
  region size 1024K, 124 young (126976K), 10 survivors (10240K)
 Metaspace       used 101311K, committed 102016K, reserved 1179648K
  class space    used 14125K, committed 14464K, reserved 1048576K
}
Event: 12.262 GC heap after
{Heap after GC invocations=44 (full 0):
 garbage-first heap   total 285696K, used 116412K [0x0000000080000000, 0x0000000100000000)
  region size 1024K, 9 young (9216K), 9 survivors (9216K)
 Metaspace       used 101311K, committed 102016K, reserved 1179648K
  class space    used 14125K, committed 14464K, reserved 1048576K
}
Event: 12.296 GC heap before
{Heap before GC invocations=44 (full 0):
 garbage-first heap   total 285696K, used 120508K [0x0000000080000000, 0x0000000100000000)
  region size 1024K, 13 young (13312K), 9 survivors (9216K)
 Metaspace       used 101639K, committed 102400K, reserved 1179648K
  class space    used 14169K, committed 14528K, reserved 1048576K
}
Event: 12.302 GC heap after
{Heap after GC invocations=45 (full 0):
 garbage-first heap   total 285696K, used 116146K [0x0000000080000000, 0x0000000100000000)
  region size 1024K, 2 young (2048K), 2 survivors (2048K)
 Metaspace       used 101639K, committed 102400K, reserved 1179648K
  class space    used 14169K, committed 14528K, reserved 1048576K
}
Event: 12.902 GC heap before
{Heap before GC invocations=45 (full 0):
 garbage-first heap   total 285696K, used 229810K [0x0000000080000000, 0x0000000100000000)
  region size 1024K, 114 young (116736K), 2 survivors (2048K)
 Metaspace       used 104627K, committed 105472K, reserved 1179648K
  class space    used 14551K, committed 14976K, reserved 1048576K
}
Event: 12.910 GC heap after
{Heap after GC invocations=46 (full 0):
 garbage-first heap   total 285696K, used 123618K [0x0000000080000000, 0x0000000100000000)
  region size 1024K, 10 young (10240K), 10 survivors (10240K)
 Metaspace       used 104627K, committed 105472K, reserved 1179648K
  class space    used 14551K, committed 14976K, reserved 1048576K
}
Event: 14.666 GC heap before
{Heap before GC invocations=47 (full 0):
 garbage-first heap   total 285696K, used 235234K [0x0000000080000000, 0x0000000100000000)
  region size 1024K, 115 young (117760K), 10 survivors (10240K)
 Metaspace       used 111799K, committed 112640K, reserved 1179648K
  class space    used 15502K, committed 15936K, reserved 1048576K
}
Event: 14.672 GC heap after
{Heap after GC invocations=48 (full 0):
 garbage-first heap   total 285696K, used 127808K [0x0000000080000000, 0x0000000100000000)
  region size 1024K, 6 young (6144K), 6 survivors (6144K)
 Metaspace       used 111799K, committed 112640K, reserved 1179648K
  class space    used 15502K, committed 15936K, reserved 1048576K
}
Event: 14.742 GC heap before
{Heap before GC invocations=48 (full 0):
 garbage-first heap   total 285696K, used 133952K [0x0000000080000000, 0x0000000100000000)
  region size 1024K, 13 young (13312K), 6 survivors (6144K)
 Metaspace       used 112797K, committed 113600K, reserved 1179648K
  class space    used 15653K, committed 16064K, reserved 1048576K
}
Event: 14.747 GC heap after
{Heap after GC invocations=49 (full 0):
 garbage-first heap   total 285696K, used 127342K [0x0000000080000000, 0x0000000100000000)
  region size 1024K, 1 young (1024K), 1 survivors (1024K)
 Metaspace       used 112797K, committed 113600K, reserved 1179648K
  class space    used 15653K, committed 16064K, reserved 1048576K
}
Event: 15.561 GC heap before
{Heap before GC invocations=49 (full 0):
 garbage-first heap   total 285696K, used 233838K [0x0000000080000000, 0x0000000100000000)
  region size 1024K, 106 young (108544K), 1 survivors (1024K)
 Metaspace       used 121427K, committed 122304K, reserved 1179648K
  class space    used 17124K, committed 17600K, reserved 1048576K
}

