# JRE version: OpenJDK Runtime Environment (17.0.9) (build 17.0.9+0--11185874)
# Java VM: OpenJDK 64-Bit Server VM (17.0.9+0--11185874, mixed mode, tiered, compressed oops, compressed class ptrs, g1 gc, windows-amd64)
GC Precious Log:
 CPUs: 8 total, 8 available
 Memory: 16057M
 Large Page Support: Disabled
 NUMA Support: Disabled
 Compressed Oops: Enabled (32-bit)
 Heap Region Size: 1M
 Heap Min Capacity: 8M
 Heap Initial Capacity: 252M
 Heap Max Capacity: 2G
 Pre-touch: Disabled
 Parallel Workers: 8
 Concurrent Workers: 2
 Concurrent Refinement Workers: 8
 Periodic GC: Disabled
Heap:
 garbage-first heap   total 406528K, used 169889K [0x0000000080000000, 0x0000000100000000)
  region size 1024K, 13 young (13312K), 13 survivors (13312K)
 Metaspace       used 163819K, committed 165376K, reserved 1245184K
  class space    used 21815K, committed 22656K, reserved 1048576K
GC Heap History (20 events):
Event: 11737.225 GC heap after
{Heap after GC invocations=118 (full 1):
 garbage-first heap   total 406528K, used 136203K [0x0000000080000000, 0x0000000100000000)
  region size 1024K, 1 young (1024K), 1 survivors (1024K)
 Metaspace       used 162289K, committed 164480K, reserved 1245184K
  class space    used 21701K, committed 22656K, reserved 1048576K
}
Event: 11740.292 GC heap before
{Heap before GC invocations=118 (full 1):
 garbage-first heap   total 406528K, used 327691K [0x0000000080000000, 0x0000000100000000)
  region size 1024K, 189 young (193536K), 1 survivors (1024K)
 Metaspace       used 162669K, committed 164480K, reserved 1245184K
  class space    used 21739K, committed 22656K, reserved 1048576K
}
Event: 11740.296 GC heap after
{Heap after GC invocations=119 (full 1):
 garbage-first heap   total 406528K, used 140129K [0x0000000080000000, 0x0000000100000000)
  region size 1024K, 5 young (5120K), 5 survivors (5120K)
 Metaspace       used 162669K, committed 164480K, reserved 1245184K
  class space    used 21739K, committed 22656K, reserved 1048576K
}
Event: 11741.276 GC heap before
{Heap before GC invocations=120 (full 1):
 garbage-first heap   total 406528K, used 338785K [0x0000000080000000, 0x0000000100000000)
  region size 1024K, 192 young (196608K), 5 survivors (5120K)
 Metaspace       used 163453K, committed 164992K, reserved 1245184K
  class space    used 21788K, committed 22656K, reserved 1048576K
}
Event: 11741.289 GC heap after
{Heap after GC invocations=121 (full 1):
 garbage-first heap   total 406528K, used 157603K [0x0000000080000000, 0x0000000100000000)
  region size 1024K, 20 young (20480K), 20 survivors (20480K)
 Metaspace       used 163453K, committed 164992K, reserved 1245184K
  class space    used 21788K, committed 22656K, reserved 1048576K
}
Event: 11741.293 GC heap before
{Heap before GC invocations=121 (full 1):
 garbage-first heap   total 406528K, used 158627K [0x0000000080000000, 0x0000000100000000)
  region size 1024K, 21 young (21504K), 20 survivors (20480K)
 Metaspace       used 163466K, committed 165056K, reserved 1245184K
  class space    used 21788K, committed 22656K, reserved 1048576K
}
Event: 11741.305 GC heap after
{Heap after GC invocations=122 (full 1):
 garbage-first heap   total 406528K, used 158955K [0x0000000080000000, 0x0000000100000000)
  region size 1024K, 2 young (2048K), 2 survivors (2048K)
 Metaspace       used 163466K, committed 165056K, reserved 1245184K
  class space    used 21788K, committed 22656K, reserved 1048576K
}
Event: 11741.500 GC heap before
{Heap before GC invocations=122 (full 1):
 garbage-first heap   total 406528K, used 257259K [0x0000000080000000, 0x0000000100000000)
  region size 1024K, 100 young (102400K), 2 survivors (2048K)
 Metaspace       used 163645K, committed 165184K, reserved 1245184K
  class space    used 21788K, committed 22656K, reserved 1048576K
}
Event: 11741.503 GC heap after
{Heap after GC invocations=123 (full 1):
 garbage-first heap   total 406528K, used 160811K [0x0000000080000000, 0x0000000100000000)
  region size 1024K, 4 young (4096K), 4 survivors (4096K)
 Metaspace       used 163645K, committed 165184K, reserved 1245184K
  class space    used 21788K, committed 22656K, reserved 1048576K
}
Event: 12688.961 GC heap before
{Heap before GC invocations=124 (full 1):
 garbage-first heap   total 406528K, used 360491K [0x0000000080000000, 0x0000000100000000)
  region size 1024K, 170 young (174080K), 4 survivors (4096K)
 Metaspace       used 163493K, committed 165120K, reserved 1245184K
  class space    used 21792K, committed 22656K, reserved 1048576K
}
Event: 12688.970 GC heap after
{Heap after GC invocations=125 (full 1):
 garbage-first heap   total 406528K, used 164907K [0x0000000080000000, 0x0000000100000000)
  region size 1024K, 9 young (9216K), 9 survivors (9216K)
 Metaspace       used 163493K, committed 165120K, reserved 1245184K
  class space    used 21792K, committed 22656K, reserved 1048576K
}
Event: 12689.036 GC heap before
{Heap before GC invocations=125 (full 1):
 garbage-first heap   total 406528K, used 175147K [0x0000000080000000, 0x0000000100000000)
  region size 1024K, 19 young (19456K), 9 survivors (9216K)
 Metaspace       used 163515K, committed 165120K, reserved 1245184K
  class space    used 21793K, committed 22656K, reserved 1048576K
}
Event: 12689.043 GC heap after
{Heap after GC invocations=126 (full 1):
 garbage-first heap   total 406528K, used 164387K [0x0000000080000000, 0x0000000100000000)
  region size 1024K, 2 young (2048K), 2 survivors (2048K)
 Metaspace       used 163515K, committed 165120K, reserved 1245184K
  class space    used 21793K, committed 22656K, reserved 1048576K
}
Event: 12689.172 GC heap before
{Heap before GC invocations=126 (full 1):
 garbage-first heap   total 406528K, used 188963K [0x0000000080000000, 0x0000000100000000)
  region size 1024K, 28 young (28672K), 2 survivors (2048K)
 Metaspace       used 163523K, committed 165120K, reserved 1245184K
  class space    used 21793K, committed 22656K, reserved 1048576K
}
Event: 12689.177 GC heap after
{Heap after GC invocations=127 (full 1):
 garbage-first heap   total 406528K, used 167661K [0x0000000080000000, 0x0000000100000000)
  region size 1024K, 6 young (6144K), 6 survivors (6144K)
 Metaspace       used 163523K, committed 165120K, reserved 1245184K
  class space    used 21793K, committed 22656K, reserved 1048576K
}
Event: 12690.694 GC heap before
{Heap before GC invocations=128 (full 1):
 garbage-first heap   total 406528K, used 339693K [0x0000000080000000, 0x0000000100000000)
  region size 1024K, 148 young (151552K), 6 survivors (6144K)
 Metaspace       used 163593K, committed 165184K, reserved 1245184K
  class space    used 21793K, committed 22656K, reserved 1048576K
}
Event: 12690.702 GC heap after
{Heap after GC invocations=129 (full 1):
 garbage-first heap   total 406528K, used 171533K [0x0000000080000000, 0x0000000100000000)
  region size 1024K, 16 young (16384K), 16 survivors (16384K)
 Metaspace       used 163593K, committed 165184K, reserved 1245184K
  class space    used 21793K, committed 22656K, reserved 1048576K
}
Event: 12690.704 GC heap before
{Heap before GC invocations=129 (full 1):
 garbage-first heap   total 406528K, used 173581K [0x0000000080000000, 0x0000000100000000)
  region size 1024K, 19 young (19456K), 16 survivors (16384K)
 Metaspace       used 163593K, committed 165184K, reserved 1245184K
  class space    used 21793K, committed 22656K, reserved 1048576K
}
Event: 12690.711 GC heap after
{Heap after GC invocations=130 (full 1):
 garbage-first heap   total 406528K, used 159093K [0x0000000080000000, 0x0000000100000000)
  region size 1024K, 2 young (2048K), 2 survivors (2048K)
 Metaspace       used 163593K, committed 165184K, reserved 1245184K
  class space    used 21793K, committed 22656K, reserved 1048576K
}
Event: 12703.586 GC heap before
{Heap before GC invocations=130 (full 1):
 garbage-first heap   total 406528K, used 313717K [0x0000000080000000, 0x0000000100000000)
  region size 1024K, 154 young (157696K), 2 survivors (2048K)
 Metaspace       used 163819K, committed 165376K, reserved 1245184K
  class space    used 21815K, committed 22656K, reserved 1048576K
}

