# JRE version: OpenJDK Runtime Environment (17.0.9) (build 17.0.9+0--11185874)
# Java VM: OpenJDK 64-Bit Server VM (17.0.9+0--11185874, mixed mode, tiered, compressed oops, compressed class ptrs, g1 gc, windows-amd64)
GC Precious Log:
 CPUs: 8 total, 8 available
 Memory: 16057M
 Large Page Support: Disabled
 NUMA Support: Disabled
 Compressed Oops: Enabled (Zero based)
 Heap Region Size: 2M
 Heap Min Capacity: 8M
 Heap Initial Capacity: 252M
 Heap Max Capacity: 4016M
 Pre-touch: Disabled
 Parallel Workers: 8
 Concurrent Workers: 2
 Concurrent Refinement Workers: 8
 Periodic GC: Disabled
Heap:
 garbage-first heap   total 471040K, used 243334K [0x0000000705000000, 0x0000000800000000)
  region size 2048K, 63 young (129024K), 1 survivors (2048K)
 Metaspace       used 90430K, committed 90752K, reserved 1179648K
  class space    used 9331K, committed 9472K, reserved 1048576K
GC Heap History (20 events):
Event: 13.463 GC heap before
{Heap before GC invocations=23 (full 0):
 garbage-first heap   total 167936K, used 133326K [0x0000000705000000, 0x0000000800000000)
  region size 2048K, 22 young (45056K), 2 survivors (4096K)
 Metaspace       used 64671K, committed 64960K, reserved 1114112K
  class space    used 7150K, committed 7296K, reserved 1048576K
}
Event: 13.473 GC heap after
{Heap after GC invocations=24 (full 0):
 garbage-first heap   total 167936K, used 96321K [0x0000000705000000, 0x0000000800000000)
  region size 2048K, 2 young (4096K), 2 survivors (4096K)
 Metaspace       used 64671K, committed 64960K, reserved 1114112K
  class space    used 7150K, committed 7296K, reserved 1048576K
}
Event: 13.550 GC heap before
{Heap before GC invocations=24 (full 0):
 garbage-first heap   total 167936K, used 100417K [0x0000000705000000, 0x0000000800000000)
  region size 2048K, 4 young (8192K), 2 survivors (4096K)
 Metaspace       used 64691K, committed 65024K, reserved 1114112K
  class space    used 7150K, committed 7296K, reserved 1048576K
}
Event: 13.563 GC heap after
{Heap after GC invocations=25 (full 0):
 garbage-first heap   total 217088K, used 97282K [0x0000000705000000, 0x0000000800000000)
  region size 2048K, 1 young (2048K), 1 survivors (2048K)
 Metaspace       used 64691K, committed 65024K, reserved 1114112K
  class space    used 7150K, committed 7296K, reserved 1048576K
}
Event: 15.150 GC heap before
{Heap before GC invocations=25 (full 0):
 garbage-first heap   total 217088K, used 173058K [0x0000000705000000, 0x0000000800000000)
  region size 2048K, 38 young (77824K), 1 survivors (2048K)
 Metaspace       used 65065K, committed 65344K, reserved 1114112K
  class space    used 7159K, committed 7296K, reserved 1048576K
}
Event: 15.157 GC heap after
{Heap after GC invocations=26 (full 0):
 garbage-first heap   total 217088K, used 102025K [0x0000000705000000, 0x0000000800000000)
  region size 2048K, 3 young (6144K), 3 survivors (6144K)
 Metaspace       used 65065K, committed 65344K, reserved 1114112K
  class space    used 7159K, committed 7296K, reserved 1048576K
}
Event: 16.017 GC heap before
{Heap before GC invocations=26 (full 0):
 garbage-first heap   total 217088K, used 175753K [0x0000000705000000, 0x0000000800000000)
  region size 2048K, 39 young (79872K), 3 survivors (6144K)
 Metaspace       used 68078K, committed 68416K, reserved 1114112K
  class space    used 7438K, committed 7616K, reserved 1048576K
}
Event: 16.026 GC heap after
{Heap after GC invocations=27 (full 0):
 garbage-first heap   total 217088K, used 104661K [0x0000000705000000, 0x0000000800000000)
  region size 2048K, 2 young (4096K), 2 survivors (4096K)
 Metaspace       used 68078K, committed 68416K, reserved 1114112K
  class space    used 7438K, committed 7616K, reserved 1048576K
}
Event: 17.084 GC heap before
{Heap before GC invocations=27 (full 0):
 garbage-first heap   total 217088K, used 176341K [0x0000000705000000, 0x0000000800000000)
  region size 2048K, 37 young (75776K), 2 survivors (4096K)
 Metaspace       used 72864K, committed 73152K, reserved 1179648K
  class space    used 7862K, committed 8000K, reserved 1048576K
}
Event: 17.095 GC heap after
{Heap after GC invocations=28 (full 0):
 garbage-first heap   total 217088K, used 114688K [0x0000000705000000, 0x0000000800000000)
  region size 2048K, 5 young (10240K), 5 survivors (10240K)
 Metaspace       used 72864K, committed 73152K, reserved 1179648K
  class space    used 7862K, committed 8000K, reserved 1048576K
}
Event: 18.173 GC heap before
{Heap before GC invocations=29 (full 0):
 garbage-first heap   total 217088K, used 176128K [0x0000000705000000, 0x0000000800000000)
  region size 2048K, 35 young (71680K), 5 survivors (10240K)
 Metaspace       used 80381K, committed 80640K, reserved 1179648K
  class space    used 8556K, committed 8704K, reserved 1048576K
}
Event: 18.188 GC heap after
{Heap after GC invocations=30 (full 0):
 garbage-first heap   total 217088K, used 122850K [0x0000000705000000, 0x0000000800000000)
  region size 2048K, 4 young (8192K), 4 survivors (8192K)
 Metaspace       used 80381K, committed 80640K, reserved 1179648K
  class space    used 8556K, committed 8704K, reserved 1048576K
}
Event: 18.213 GC heap before
{Heap before GC invocations=30 (full 0):
 garbage-first heap   total 217088K, used 122850K [0x0000000705000000, 0x0000000800000000)
  region size 2048K, 5 young (10240K), 4 survivors (8192K)
 Metaspace       used 80840K, committed 81088K, reserved 1179648K
  class space    used 8621K, committed 8768K, reserved 1048576K
}
Event: 18.219 GC heap after
{Heap after GC invocations=31 (full 0):
 garbage-first heap   total 217088K, used 122938K [0x0000000705000000, 0x0000000800000000)
  region size 2048K, 1 young (2048K), 1 survivors (2048K)
 Metaspace       used 80840K, committed 81088K, reserved 1179648K
  class space    used 8621K, committed 8768K, reserved 1048576K
}
Event: 18.870 GC heap before
{Heap before GC invocations=31 (full 0):
 garbage-first heap   total 217088K, used 176186K [0x0000000705000000, 0x0000000800000000)
  region size 2048K, 27 young (55296K), 1 survivors (2048K)
 Metaspace       used 83781K, committed 84096K, reserved 1179648K
  class space    used 8874K, committed 9024K, reserved 1048576K
}
Event: 18.875 GC heap after
{Heap after GC invocations=32 (full 0):
 garbage-first heap   total 217088K, used 127203K [0x0000000705000000, 0x0000000800000000)
  region size 2048K, 3 young (6144K), 3 survivors (6144K)
 Metaspace       used 83781K, committed 84096K, reserved 1179648K
  class space    used 8874K, committed 9024K, reserved 1048576K
}
Event: 19.358 GC heap before
{Heap before GC invocations=33 (full 0):
 garbage-first heap   total 235520K, used 174307K [0x0000000705000000, 0x0000000800000000)
  region size 2048K, 27 young (55296K), 3 survivors (6144K)
 Metaspace       used 84699K, committed 85056K, reserved 1179648K
  class space    used 8919K, committed 9088K, reserved 1048576K
}
Event: 19.365 GC heap after
{Heap after GC invocations=34 (full 0):
 garbage-first heap   total 235520K, used 126976K [0x0000000705000000, 0x0000000800000000)
  region size 2048K, 1 young (2048K), 1 survivors (2048K)
 Metaspace       used 84699K, committed 85056K, reserved 1179648K
  class space    used 8919K, committed 9088K, reserved 1048576K
}
Event: 19.425 GC heap before
{Heap before GC invocations=34 (full 0):
 garbage-first heap   total 235520K, used 135168K [0x0000000705000000, 0x0000000800000000)
  region size 2048K, 5 young (10240K), 1 survivors (2048K)
 Metaspace       used 84786K, committed 85120K, reserved 1179648K
  class space    used 8928K, committed 9088K, reserved 1048576K
}
Event: 19.432 GC heap after
{Heap after GC invocations=35 (full 0):
 garbage-first heap   total 471040K, used 118406K [0x0000000705000000, 0x0000000800000000)
  region size 2048K, 1 young (2048K), 1 survivors (2048K)
 Metaspace       used 84786K, committed 85120K, reserved 1179648K
  class space    used 8928K, committed 9088K, reserved 1048576K
}

